<?xml version="1.0" encoding="UTF-8"?>
<!-- Generated by org.testng.reporters.JUnitReportReporter -->
<testsuite hostname="DESKTOP-G4CV838" failures="0" tests="1" name="script.DemoTest" time="14.606" errors="0" timestamp="2023-05-03T12:14:51 IST" skipped="0">
  <testcase classname="script.DemoTest" name="demoTest1" time="14.606"/>
  <system-out>
    <![CDATA[test data:
Google]]>
  </system-out>
</testsuite> <!-- script.DemoTest -->
